20240307	10:15:08	8023ad06-60bb-4a13-8d57-cc7b6dc44501	GET	undefined
20240307	10:15:19	312391af-c3c2-4a1e-956f-3c78f8f2ed18	POST	undefined
20240307	10:15:30	5b4e2cfa-190e-4112-9d06-e1151300053d	GET	undefined
20240307	10:15:52	1167a16f-4c61-4c0f-8c12-900503143a3e	GET	undefined
20240307	10:15:59	7bc7bdf4-8e7f-4327-b81f-04e971a407e2	POST	undefined
20240307	10:17:23	26ea6ef8-7c48-4fb0-b3fa-7c99a6a48a2a	GET	undefined
20240307	10:19:30	159265dc-5a68-4859-9627-3dd0e084dad1	GET	undefined
20240307	10:55:51	2ece7165-17c8-4f00-b98b-a6f32f08cf55	OPTIONS	https://www.google.com
20240307	10:55:51	a3384e37-4dc0-444d-a7e2-2be5703ca8a9	GET	https://www.google.com
20240307	10:59:39	ca6fd106-6fc6-4e47-806c-982fa3a31178	OPTIONS	https://www.google.com
20240307	10:59:39	27a52c13-5fae-4760-82b0-0dc42dd971c4	GET	https://www.google.com
20240307	13:00:47	7711c7d9-59a2-48b2-812d-c044761972f9	GET	undefined
20240307	13:57:50	19081a14-2783-429b-94b3-36fe34706ea4	GET	undefined
20240307	14:00:55	4d6a9968-ffab-4e34-89fa-37c25d3b440c	POST	undefined
20240307	14:04:03	55574f3a-000b-450b-aeee-2e850d8fd31b	POST	undefined
20240307	14:08:51	6486a37f-cab4-47cd-ac9b-837715160628	DELETE	undefined
20240307	14:09:16	2bf1a61c-86a9-46c3-8c68-7181da87119d	DELETE	undefined
20240307	14:09:40	447160ed-d183-4a55-8b1d-d115894a4b2c	DELETE	undefined
20240307	14:09:59	5821cb1b-d567-4aea-9fb9-246027e9b3ff	DELETE	undefined
20240307	14:10:39	160cad1b-8435-48a1-9242-bca83e7e4f6e	DELETE	undefined
20240307	14:12:52	97aef240-471c-47a8-ba00-a7b412b04f01	GET	undefined
20240307	14:13:08	2f23e1f9-4124-43dc-8e71-e31f00d4c98a	DELETE	undefined
20240307	14:13:16	f447c88f-36f5-4aa8-9a9d-fedb112d92c4	GET	undefined
20240307	14:16:14	5697198f-3b0d-4de4-a3b6-a181ee056f04	DELETE	undefined
20240307	14:18:19	2485f8cc-32dc-4e16-ba91-a0ade4953d33	DELETE	undefined
20240307	14:18:23	8af73aa2-f9f4-4ed0-b112-8050fdc99338	DELETE	undefined
20240307	14:18:55	f6a8ce01-43eb-4370-aa33-7aa31924dd47	DELETE	undefined
20240307	14:19:36	9db41630-ed70-4c4e-83ec-02b100e5d2f7	DELETE	undefined
20240307	14:19:38	bb5da9b5-7add-40c0-ae84-74576a204f1b	DELETE	undefined
20240307	14:19:38	74042708-421a-4c25-94c3-5bd9ac992848	DELETE	undefined
20240307	14:19:39	e3328c20-0632-4464-a29b-1eb3fe9c7885	DELETE	undefined
20240307	14:19:40	7b3a54ea-351e-4476-a5bb-29f59a864c5c	DELETE	undefined
20240307	14:20:46	dcea30f1-4d29-4664-8e37-29263f21c0cd	DELETE	undefined
20240307	14:20:58	7a814fa7-0a44-437b-a817-0f9a8ef0f352	GET	undefined
20240307	14:22:33	d83382cc-9de4-48e7-966f-0877d8b0ddc6	DELETE	undefined
20240307	14:24:41	fd606ba7-93ed-4b62-8b0f-57a36d7b9e14	DELETE	undefined
20240307	14:24:48	1ba9d54b-4bef-4701-8005-d88784e79047	GET	undefined
20240307	22:09:29	93e1c39c-6ef5-4c9b-9318-cbed8c600153	GET	http://localhost:3000
20240307	22:10:44	589e732a-a752-496f-9482-3bd5f33843f8	GET	http://localhost:3000
20240307	22:11:25	ca902acf-a12a-40e3-82b4-946fb7a9760c	GET	http://localhost:3000
20240307	22:21:41	21660406-e4af-4f36-b59a-26918b9e1939	GET	undefined
20240307	22:39:03	f3b673dc-c94f-4add-add7-b90c2d7b2974	GET	undefined
20240307	22:39:16	421d4103-2d1b-4b2b-8aa1-eff72cdbc1ac	POST	undefined
20240307	22:40:41	d18cdd63-2599-4869-b1d9-57591a9cce6d	POST	undefined
20240307	22:41:15	2dc09414-b686-4dc6-b173-4d0c64301a6e	GET	http://localhost:3000
20240307	22:42:05	6b4691f8-55a6-4208-a449-f5cb84198cd6	GET	http://localhost:3000
20240307	22:43:13	a78ec597-75ff-4c5b-af04-2cfed28e11a5	GET	http://localhost:3000
20240307	22:43:19	21163b8d-16de-459b-bb6c-a903d898fed8	GET	http://localhost:3000
20240307	22:43:24	cc373a10-f522-4a64-a388-4c1bfdb29167	GET	http://localhost:3000
20240307	22:48:24	55530620-3030-417d-ab77-76072ebee9c6	GET	http://localhost:3000
20240307	22:48:40	668f75f8-1bf4-4b1b-90a9-2130b4d3509e	GET	http://localhost:3000
20240307	22:48:43	1874b070-cd1b-43fd-9730-3a690e4b4006	GET	http://localhost:3000
20240307	22:48:46	d8a4e7a8-9c00-4233-9295-56acd8ca470a	GET	http://localhost:3000
20240307	22:48:48	eddcb1bf-8d7a-46b4-a7c6-4fe64fa5b6a8	GET	http://localhost:3000
20240307	23:02:46	1375ec63-3626-4bb7-9e0f-f7a59ea80d42	GET	http://localhost:3000
20240307	23:02:50	ccce045f-6f2c-4c23-8af3-df4fb0a6f66f	GET	http://localhost:3000
20240307	23:02:56	fa7d9919-4b54-4673-ae1b-9120d4a3b22e	GET	http://localhost:3000
20240307	23:03:19	4e530457-0a84-4d6a-9a4f-878b949e2b5e	GET	http://localhost:3000
20240307	23:04:44	0f603fa8-3da4-4391-81a9-c1fe6ac01085	GET	http://localhost:3000
20240307	23:05:42	7df2d2b6-7fab-455b-9ed2-2e0850cc53f5	GET	undefined
20240307	23:10:32	9c950b8d-acb8-4ec6-911b-f7ab5f03147a	GET	http://localhost:3000
20240307	23:15:26	aba60b36-602a-48ca-9e3d-a2a01a645c60	GET	http://localhost:3000
20240307	23:15:36	b43a1ab6-5405-4ed5-8d96-5317253d9b96	GET	http://localhost:3000
20240307	23:16:01	b391a429-3c98-4552-bc8e-a7960ccdaf69	GET	http://localhost:3000
20240307	23:19:56	0333e2fa-35c7-4813-a2db-0682940825e3	GET	http://localhost:3000
20240307	23:22:32	ba479d17-83bf-46bd-bb46-f66c9fcf19d9	GET	http://localhost:3000
20240307	23:24:40	4ef0993e-aac1-4763-b89d-c052e22a1b64	GET	http://localhost:3000
20240307	23:24:46	7752f673-0efe-49b6-9d47-d3776bbb2568	GET	http://localhost:3000
20240307	23:24:48	f24f2aee-a180-43d7-8a84-264d3b3c3ecb	GET	http://localhost:3000
20240308	08:35:01	95440278-e807-4036-9a6a-84915387d22b	GET	http://localhost:3000
20240308	08:35:05	6c90b6ca-77af-47e9-b0f1-e2b4f3fb9799	GET	http://localhost:3000
20240308	08:35:53	e689e7a5-d226-4a51-93dd-d71e998080a6	GET	undefined
20240308	08:36:22	0529db70-7ea5-450b-8b1b-ae0f40954b24	GET	http://localhost:3000
20240308	09:12:25	1b7f0ea3-7c90-4e45-bc4d-9e4e2d877086	GET	http://localhost:3000
20240308	09:13:01	40f8ecdf-31c1-417e-a6be-c432b1b163ce	GET	http://localhost:3000
20240308	09:13:26	980540f2-0fd9-4046-9f68-9bc968b7c06d	GET	http://localhost:3000
20240308	09:15:04	8110d130-e57a-4b46-91f2-10ba3f0bca94	GET	http://localhost:3000
20240308	09:15:19	3f13b095-9c51-4508-91f2-3c581bf51fbf	GET	http://localhost:3000
20240308	09:45:38	0a36d6d4-d82e-44ab-9fd1-e6ef1059b45e	GET	http://localhost:3000
20240308	09:54:17	f407539e-e7aa-470e-a0a9-d2b5922acc14	GET	http://localhost:3000
20240308	09:54:25	840de59e-3d9f-487d-b08f-58d3c4f5f18e	GET	http://localhost:3000
